<?xml version="1.0" encoding="utf-8"?><testsuites name="pytest tests"><testsuite name="pytest" errors="0" failures="0" skipped="0" tests="15" time="69.857" timestamp="2026-05-03T11:44:42.956391+00:00" hostname="agent-env-0c4ee569-890c-4e1c-9131-5b78d240829c"><testcase classname="backend.tests.backend_test.TestHealth" name="test_root_health" time="1.093" /><testcase classname="backend.tests.backend_test.TestDesignGeneration" name="test_generate_design_returns_image" time="34.114" /><testcase classname="backend.tests.backend_test.TestDesignGeneration" name="test_generate_design_validation_short_prompt" time="0.658" /><testcase classname="backend.tests.backend_test.TestAuthEnforcement" name="test_saved_designs_requires_auth" time="0.664" /><testcase classname="backend.tests.backend_test.TestAuthEnforcement" name="test_orders_requires_auth" time="0.835" /><testcase classname="backend.tests.backend_test.TestSavedDesignsCRUD" name="test_list_empty_initially" time="0.805" /><testcase classname="backend.tests.backend_test.TestSavedDesignsCRUD" name="test_create_saved_design" time="22.264" /><testcase classname="backend.tests.backend_test.TestSavedDesignsCRUD" name="test_list_contains_created" time="1.762" /><testcase classname="backend.tests.backend_test.TestSavedDesignsCRUD" name="test_delete_saved_design" time="1.295" /><testcase classname="backend.tests.backend_test.TestSavedDesignsCRUD" name="test_delete_nonexistent_returns_404" time="0.638" /><testcase classname="backend.tests.backend_test.TestOrders" name="test_orders_list" time="0.634" /><testcase classname="backend.tests.backend_test.TestCheckout" name="test_create_checkout_session" time="1.405" /><testcase classname="backend.tests.backend_test.TestCheckout" name="test_checkout_empty_cart_rejected" time="0.636" /><testcase classname="backend.tests.backend_test.TestCheckout" name="test_checkout_status_returns_paid" time="0.999" /><testcase classname="backend.tests.backend_test.TestCheckout" name="test_checkout_status_idempotent" time="1.965" /></testsuite></testsuites>