<?xml version="1.0" encoding="utf-8"?><testsuites name="pytest tests"><testsuite name="pytest" errors="0" failures="1" skipped="0" tests="14" time="64.423" timestamp="2026-05-03T11:31:11.896147+00:00" hostname="agent-env-0c4ee569-890c-4e1c-9131-5b78d240829c"><testcase classname="backend.tests.backend_test.TestHealth" name="test_root_health" time="0.934" /><testcase classname="backend.tests.backend_test.TestDesignGeneration" name="test_generate_design_returns_image" time="22.626" /><testcase classname="backend.tests.backend_test.TestDesignGeneration" name="test_generate_design_validation_short_prompt" time="0.858" /><testcase classname="backend.tests.backend_test.TestAuthEnforcement" name="test_saved_designs_requires_auth" time="0.643" /><testcase classname="backend.tests.backend_test.TestAuthEnforcement" name="test_orders_requires_auth" time="0.664" /><testcase classname="backend.tests.backend_test.TestSavedDesignsCRUD" name="test_list_empty_initially" time="0.728" /><testcase classname="backend.tests.backend_test.TestSavedDesignsCRUD" name="test_create_saved_design" time="30.665" /><testcase classname="backend.tests.backend_test.TestSavedDesignsCRUD" name="test_list_contains_created" time="1.257" /><testcase classname="backend.tests.backend_test.TestSavedDesignsCRUD" name="test_delete_saved_design" time="1.509" /><testcase classname="backend.tests.backend_test.TestSavedDesignsCRUD" name="test_delete_nonexistent_returns_404" time="0.666" /><testcase classname="backend.tests.backend_test.TestOrders" name="test_orders_list" time="0.645" /><testcase classname="backend.tests.backend_test.TestCheckout" name="test_create_checkout_session" time="1.396" /><testcase classname="backend.tests.backend_test.TestCheckout" name="test_checkout_empty_cart_rejected" time="0.662" /><testcase classname="backend.tests.backend_test.TestCheckout" name="test_checkout_status" time="1.028"><failure message="AssertionError: {&quot;detail&quot;:&quot;Status check failed: Failed to retrieve session status: Request req_CnkVVy9F2f8kIV: No such checkout.session: cs_test_a1uzhl9z6GsQp8SXr7RpSZdbmMUgb6avxo7w7ezMNq8wZsHhIMXBzwKKYZ&quot;}&#10;assert 500 == 200&#10; +  where 500 = &lt;Response [500]&gt;.status_code">backend/tests/backend_test.py:190: in test_checkout_status
    assert r.status_code == 200, r.text
E   AssertionError: {"detail":"Status check failed: Failed to retrieve session status: Request req_CnkVVy9F2f8kIV: No such checkout.session: cs_test_a1uzhl9z6GsQp8SXr7RpSZdbmMUgb6avxo7w7ezMNq8wZsHhIMXBzwKKYZ"}
E   assert 500 == 200
E    +  where 500 = &lt;Response [500]&gt;.status_code</failure></testcase></testsuite></testsuites>